\BOOKMARK [1][-]{section.1}{\376\377\000I\000n\000t\000r\000o\000d\000u\000c\000t\000i\000o\000n}{}% 1
\BOOKMARK [1][-]{section.2}{\376\377\000I\000n\000s\000t\000a\000l\000l\000a\000t\000i\000o\000n\000\040\000d\000'\000u\000n\000e\000\040\000d\000i\000s\000t\000r\000i\000b\000u\000t\000i\000o\000n\000\040\000G\000N\000U\000/\000L\000i\000n\000u\000x\000\040\000s\000a\000n\000s\000\040\000i\000n\000t\000e\000r\000f\000a\000c\000e\000\040\000g\000r\000a\000p\000h\000i\000q\000u\000e}{}% 2
\BOOKMARK [2][-]{subsection.2.1}{\376\377\000I\000n\000s\000t\000a\000l\000l\000a\000t\000i\000o\000n\000\040\000v\000i\000a\000\040\000l\000e\000\040\000r\000\351\000s\000e\000a\000u}{section.2}% 3
\BOOKMARK [1][-]{section.3}{\376\377\000P\000a\000r\000a\000m\000\351\000t\000r\000a\000g\000e\000\040\000d\000u\000\040\000r\000\351\000s\000e\000a\000u}{}% 4
\BOOKMARK [2][-]{subsection.3.1}{\376\377\000R\000\351\000p\000a\000r\000t\000i\000t\000i\000o\000n\000\040\000d\000e\000s\000\040\000a\000d\000r\000e\000s\000s\000e\000\040\000I\000P\000\040\000\050\000r\000\351\000s\000e\000a\000u\000\040\000I\000n\000t\000e\000r\000c\000o\000n\000n\000e\000x\000i\000o\000n\000\040\000e\000t\000\040\000r\000\351\000s\000e\000a\000u\000\040\000p\000r\000i\000v\000\351\000\051}{section.3}% 5
\BOOKMARK [2][-]{subsection.3.2}{\376\377\000I\000n\000t\000e\000r\000f\000a\000c\000e\000s\000\040\000r\000\351\000s\000e\000a\000u\000\040\000d\000u\000\040\000r\000o\000u\000t\000e\000u\000r}{section.3}% 6
\BOOKMARK [2][-]{subsection.3.3}{\376\377\000I\000n\000t\000e\000r\000f\000a\000c\000e\000s\000\040\000r\000\351\000s\000e\000a\000u\000\040\000d\000u\000\040\000c\000l\000i\000e\000n\000t}{section.3}% 7
\BOOKMARK [2][-]{subsection.3.4}{\376\377\000C\000o\000m\000m\000u\000n\000i\000c\000a\000t\000i\000o\000n\000\040\000s\000a\000n\000s\000\040\000t\000a\000b\000l\000e\000\040\000d\000e\000\040\000r\000o\000u\000t\000a\000g\000e}{section.3}% 8
\BOOKMARK [2][-]{subsection.3.5}{\376\377\000M\000i\000s\000e\000\040\000e\000n\000\040\000p\000l\000a\000c\000e\000\040\000d\000e\000\040\000l\000a\000\040\000t\000a\000b\000l\000e\000\040\000d\000e\000\040\000r\000o\000u\000t\000a\000g\000e}{section.3}% 9
\BOOKMARK [2][-]{subsection.3.6}{\376\377\000R\000\350\000g\000l\000e\000s\000\040\000i\000p\000t\000a\000b\000l\000e\000s\000\040\000p\000o\000u\000r\000\040\000l\000a\000i\000s\000s\000e\000r\000\040\000a\000c\000c\000\350\000s\000\040\000a\000\040\000i\000n\000t\000e\000r\000n\000e\000t\000\040\000a\000\040\000u\000n\000e\000\040\000m\000a\000c\000h\000i\000n\000e}{section.3}% 10
\BOOKMARK [1][-]{section.4}{\376\377\000S\000e\000r\000v\000i\000c\000e\000\040\000D\000H\000C\000P}{}% 11
\BOOKMARK [2][-]{subsection.4.1}{\376\377\000M\000i\000s\000e\000\040\000e\000n\000\040\000p\000l\000a\000c\000e\000\040\000d\000u\000\040\000D\000H\000C\000P}{section.4}% 12
\BOOKMARK [2][-]{subsection.4.2}{\376\377\000F\000i\000c\000h\000i\000e\000r\000\040\000d\000e\000\040\000l\000o\000g\000\040\000p\000o\000u\000r\000\040\000l\000e\000\040\000D\000H\000C\000P}{section.4}% 13
\BOOKMARK [1][-]{section.5}{\376\377\000S\000a\000u\000v\000e\000g\000a\000r\000d\000e\000\040\000a\000u\000t\000o\000m\000a\000t\000i\000q\000u\000e}{}% 14
\BOOKMARK [2][-]{subsection.5.1}{\376\377\000R\000s\000y\000n\000c}{section.5}% 15
\BOOKMARK [2][-]{subsection.5.2}{\376\377\000C\000r\000o\000n}{section.5}% 16
\BOOKMARK [1][-]{section.6}{\376\377\000M\000a\000n\000i\000p\000u\000l\000a\000t\000i\000o\000n\000\040\000p\000a\000q\000u\000e\000t\000s\000\040\000d\000e\000\040\000D\000e\000b\000i\000a\000n}{}% 17
\BOOKMARK [2][-]{subsection.6.1}{\376\377\000M\000i\000s\000e\000\040\000\340\000\040\000j\000o\000u\000r\000\040\000d\000u\000\040\000s\000y\000s\000t\000\350\000m\000e}{section.6}% 18
\BOOKMARK [2][-]{subsection.6.2}{\376\377\000L\000e\000s\000\040\000p\000a\000q\000u\000e\000t\000s}{section.6}% 19
\BOOKMARK [1][-]{section.7}{\376\377\000I\000n\000t\000e\000r\000r\000o\000g\000a\000t\000i\000o\000n\000\040\000d\000'\000u\000n\000\040\000s\000e\000r\000v\000e\000u\000r\000\040\000D\000N\000S}{}% 20
\BOOKMARK [2][-]{subsection.7.1}{\376\377\000L\000e\000s\000\040\000c\000o\000m\000m\000a\000n\000d\000e\000s\000\040\000h\000o\000s\000t\000,\000\040\000d\000i\000g\000\040\000e\000t\000\040\000n\000s\000l\000o\000o\000k\000u\000p}{section.7}% 21
\BOOKMARK [2][-]{subsection.7.2}{\376\377\000F\000i\000c\000h\000i\000e\000r\000\040\000d\000e\000\040\000r\000e\000n\000s\000e\000i\000g\000n\000e\000m\000e\000n\000t\000\040\000d\000u\000\040\000s\000e\000r\000v\000e\000u\000r\000\040\000D\000N\000S}{section.7}% 22
\BOOKMARK [2][-]{subsection.7.3}{\376\377\000R\000\364\000l\000e\000\040\000d\000u\000\040\000f\000i\000c\000h\000i\000e\000r\000\040\000/\000e\000t\000c\000/\000h\000o\000s\000t\000s}{section.7}% 23
\BOOKMARK [1][-]{section.8}{\376\377\000I\000n\000s\000t\000a\000l\000l\000a\000t\000i\000o\000n\000\040\000d\000'\000u\000n\000\040\000D\000N\000S}{}% 24
\BOOKMARK [2][-]{subsection.8.1}{\376\377\000M\000i\000s\000e\000\040\000e\000n\000\040\000p\000l\000a\000c\000e\000\040\000d\000u\000\040\000D\000N\000S}{section.8}% 25
\BOOKMARK [2][-]{subsection.8.2}{\376\377\000T\000e\000s\000t\000\040\000r\000\351\000a\000l\000i\000s\000e\000r\000\040\000a\000f\000i\000n\000\040\000d\000e\000\040\000v\000a\000l\000i\000d\000e\000r\000\040\000l\000e\000\040\000D\000N\000S}{section.8}% 26
\BOOKMARK [1][-]{section.9}{\376\377\000I\000n\000s\000t\000a\000l\000l\000a\000t\000i\000o\000n\000\040\000d\000'\000u\000n\000\040\000s\000e\000r\000v\000e\000u\000r\000\040\000L\000A\000M\000P}{}% 27
\BOOKMARK [2][-]{subsection.9.1}{\376\377\000I\000n\000s\000t\000a\000l\000l\000a\000t\000i\000o\000n\000\040\000e\000t\000\040\000m\000i\000s\000e\000\040\000e\000n\000\040\000p\000l\000a\000c\000e\000\040\000d\000'\000A\000p\000a\000c\000h\000e}{section.9}% 28
\BOOKMARK [2][-]{subsection.9.2}{\376\377\000I\000n\000s\000t\000a\000l\000l\000a\000t\000i\000o\000n\000\040\000e\000t\000\040\000m\000i\000s\000e\000\040\000e\000n\000\040\000p\000l\000a\000c\000e\000\040\000d\000e\000\040\000P\000o\000s\000t\000g\000r\000e\000S\000Q\000L}{section.9}% 29
\BOOKMARK [2][-]{subsection.9.3}{\376\377\000I\000n\000s\000t\000a\000l\000l\000a\000t\000i\000o\000n\000\040\000e\000t\000\040\000m\000i\000s\000e\000\040\000e\000n\000\040\000p\000l\000a\000c\000e\000\040\000d\000e\000\040\000P\000H\000P}{section.9}% 30
\BOOKMARK [2][-]{subsection.9.4}{\376\377\000I\000n\000s\000t\000a\000l\000l\000a\000t\000i\000o\000n\000\040\000e\000t\000\040\000m\000i\000s\000e\000\040\000e\000n\000\040\000p\000l\000a\000c\000e\000\040\000d\000e\000\040\000M\000y\000S\000Q\000L}{section.9}% 31
\BOOKMARK [2][-]{subsection.9.5}{\376\377\000I\000n\000s\000t\000a\000l\000l\000a\000t\000i\000o\000n\000\040\000e\000t\000\040\000m\000i\000s\000e\000\040\000e\000n\000\040\000p\000l\000a\000c\000e\000\040\000d\000'\000u\000n\000\040\000P\000D\000O}{section.9}% 32
\BOOKMARK [1][-]{section.10}{\376\377\000S\000c\000r\000i\000p\000t\000\040\000d\000e\000\040\000r\000o\000u\000t\000a\000g\000e\000\040\000e\000t\000\040\000m\000a\000t\000r\000i\000c\000e\000\040\000d\000e\000\040\000f\000i\000l\000t\000r\000a\000g\000e}{}% 33
\BOOKMARK [2][-]{subsection.10.1}{\376\377\000S\000c\000r\000i\000p\000t\000s\000\040\000d\000e\000\040\000r\000o\000u\000t\000a\000g\000e\000\040\000a\000u\000\040\000d\000\351\000m\000a\000r\000r\000a\000g\000e}{section.10}% 34
\BOOKMARK [2][-]{subsection.10.2}{\376\377\000R\000\350\000g\000l\000e\000s\000\040\000i\000p\000t\000a\000b\000l\000e\000s\000\040\000d\000e\000\040\000l\000a\000\040\000m\000a\000t\000r\000i\000c\000e\000\040\000d\000e\000\040\000f\000i\000l\000t\000r\000a\000g\000e}{section.10}% 35
\BOOKMARK [1][-]{section.11}{}{}% 36
\BOOKMARK [2][-]{subsection.11.1}{}{section.11}% 37
\BOOKMARK [2][-]{subsection.11.2}{}{section.11}% 38
